        -:    0:Source:handler.hpp
        -:    0:Graph:handler.gcno
        -:    0:Data:handler.gcda
        -:    0:Runs:1
        -:    1:#include <bits/stdc++.h>
        -:    2:
        -:    3:#define FOR(i,n,m) for(int i=n; i<m; i++)
        -:    4:
        -:    5:using namespace std;
        -:    6:
        -:    7:// tipo = 0 => operando perteneciente a { +, -, *, / }
        -:    8:// tipo = 1 => numero
        -:    9:// + , - | precedencia 0
        -:   10:// *, /  | precedencia 1 
        -:   11:struct token{
        -:   12:	int tipo; 
        -:   13:	int num;
        -:   14:	char op;
        -:   15:	int pre = -1;
       52:   16:	token(int t, int n, char o){
       52:   17:		tipo = t;
       52:   18:		num = n;
       52:   19:		op = o;
       52:   20:		pre = (op=='*'||op=='/');
       52:   21:	}
        -:   22:};
        -:   23:
        -:   24:struct node{
        -:   25:	int tipo;
        -:   26:	char op;
        -:   27:	int num;
        -:   28:	int pre;
        -:   29:	node *L;
        -:   30:	node *R; 
       52:   31:	node( token t ){
       52:   32:		tipo = t.tipo;
       52:   33:		num = t.num;
       52:   34:		op = t.op;
       52:   35:		L = 0;
       52:   36:		R = 0;
       52:   37:		pre = t.pre;
       52:   38:	}
        -:   39:};
        -:   40:
        -:   41:pair<int,string> mainHandler( string option, string ord, string exp );
