        -:    0:Source:main.cpp
        -:    0:Graph:main.gcno
        -:    0:Data:main.gcda
        -:    0:Runs:1
        -:    1:#include <iostream>
        -:    2:
        -:    3:using namespace std;
        -:    4:
        1:    5:int main(){
        -:    6:	
        1:    7:	string s = "AAAAAAAAAAA";
        1:    8:	int n = s.size();
        -:    9:	
        1:   10:	int cntA = 0, cntB = 0, cntC = 0;
       12:   11:	for(int i=0; i<n; i++){
       11:   12:		switch(s[i]){
    #####:   13:			case 'B': 
    #####:   14:				cntB++;
    #####:   15:				break;
       11:   16:			case 'A': 
       11:   17:				cntA++;
       11:   18:				break;
    #####:   19:			case 'C': 
    #####:   20:				cntC++;
    #####:   21:				break;
        -:   22:		}
        -:   23:	}
        1:   24:	cout << cntA<<" "<< cntB << " " << cntC << endl;
        -:   25:	
        -:   26:	
        1:   27:	return 0;
        -:   28:}
